#
# A fatal error has been detected by the Java Runtime Environment:
#
#  SIGSEGV (0xb) at pc=0x00000001a51685dd, pid=15372, tid=1811
#
# JRE version: Java(TM) SE Runtime Environment (8.0_40-b26) (build 1.8.0_40-b26)
# Java VM: Java HotSpot(TM) 64-Bit Server VM (25.40-b25 mixed mode bsd-amd64 compressed oops)
# Problematic frame:
# C  [libglass.dylib+0x155dd]  GlassScreenDidChangeScreenParameters+0x9d
#
# Failed to write core dump. Core dumps have been disabled. To enable core dumping, try "ulimit -c unlimited" before starting Java again
#
# If you would like to submit a bug report, please visit:
#   http://bugreport.java.com/bugreport/crash.jsp
#

---------------  T H R E A D  ---------------

Current thread is native thread

siginfo: si_signo: 11 (SIGSEGV), si_code: 1 (SEGV_MAPERR), si_addr: 0x0000000000000000

Registers:
RAX=0x00000001a519abc0, RBX=0x0000000000000000, RCX=0x80009e524a58aa90, RDX=0x00007ff5b1ccc880
RSP=0x00007fff5296e2d0, RBP=0x00007fff5296e2e0, RSI=0x00007ff5b1d12830, RDI=0x0000000000000000
R8 =0x00007fff5296e180, R9 =0x00007fff75c41300, R10=0x0000000000000000, R11=0x0000000000000246
R12=0x00007ff5b1f04f40, R13=0x00000000000f426a, R14=0x00007ff5b1d829e0, R15=0x00007fff5296e420
RIP=0x00000001a51685dd, EFLAGS=0x0000000000010202, ERR=0x0000000000000004
  TRAPNO=0x000000000000000e

Top of Stack: (sp=0x00007fff5296e2d0)
0x00007fff5296e2d0:   00007fff5296e4b0 00007ff5b1d829e0
0x00007fff5296e2e0:   00007fff5296e2f0 00007fff8bf8845c
0x00007fff5296e2f0:   00007fff5296e650 00007fff8be78634
0x00007fff5296e300:   00007fff5296e350 0000000000000000
0x00007fff5296e310:   00007fff7619ced0 00007ff5b4619270
0x00007fff5296e320:   0000000000001000 0000000000000900
0x00007fff5296e330:   00007ff5b4619270 00007ff5b1d829e0
0x00007fff5296e340:   0000000000000000 00007fff5296e420
0x00007fff5296e350:   0000000000000000 00007ff5b1d829a0
0x00007fff5296e360:   00007fff5296e4a0 0000000000000060
0x00007fff5296e370:   00000000000f431b 00007ff5b1c63800
0x00007fff5296e380:   00007ff5b1c633a0 00007ff5b1f04f40
0x00007fff5296e390:   0000000000000001 00000000000f426a
0x00007fff5296e3a0:   00007ff5b1f04f30 00007fff8c8a3acb
0x00007fff5296e3b0:   0000000000000001 0000000000000001
0x00007fff5296e3c0:   0000000000000030 0000000000000001
0x00007fff5296e3d0:   00007fff5296e3f0 00007fff8c8a9231
0x00007fff5296e3e0:   00007fff7619afb0 0000000000000000
0x00007fff5296e3f0:   00007fff5296e410 0000000000000002
0x00007fff5296e400:   0004850300000800 00007ff5b1f04f64
0x00007fff5296e410:   0000000000000000 00007fff8be6e10f
0x00007fff5296e420:   00007ff5b1d829e0 00007fff7619afb0
0x00007fff5296e430:   00007fff5296e4b0 00007fff8be76c3f
0x00007fff5296e440:   00007fff5296e4bc 00007fff5296e4c0
0x00007fff5296e450:   000000010d2ada00 0000000000000002
0x00007fff5296e460:   000000010d2aa000 00007ff5b1f49332
0x00007fff5296e470:   0000000000000003 000000010d2ada00
0x00007fff5296e480:   00007fff5296e570 00007fff8c8a22a2
0x00007fff5296e490:   00007ff5b1c62f30 00007fff5296e658
0x00007fff5296e4a0:   0000000000000017 0000000000000000
0x00007fff5296e4b0:   00000000000f426a 00007fff8be6e403
0x00007fff5296e4c0:   00007fff00000000 00007ff5b1c69370 

Instructions: (pc=0x00000001a51685dd)
0x00000001a51685bd:   89 df 4c 89 f1 41 ff 90 68 04 00 00 48 8d 05 f8
0x00000001a51685cd:   24 03 00 48 8b 30 48 8d 05 e6 25 03 00 48 8b 10
0x00000001a51685dd:   48 8b 0b 30 c0 48 89 df ff 91 68 04 00 00 48 8b
0x00000001a51685ed:   03 48 89 df ff 50 78 48 85 c0 74 36 49 89 c6 48 

Register to memory mapping:

RAX=0x00000001a519abc0: jScreenNotifySettingsChanged+0 in /Library/Java/JavaVirtualMachines/jdk1.8.0_40.jdk/Contents/Home/jre/lib/libglass.dylib at 0x00000001a5153000
RBX=0x0000000000000000 is an unknown value
RCX=0x80009e524a58aa90 is an unknown value
RDX=0x00007ff5b1ccc880 is an unknown value
RSP=0x00007fff5296e2d0 is an unknown value
RBP=0x00007fff5296e2e0 is an unknown value
RSI=0x00007ff5b1d12830 is a global jni handle
RDI=0x0000000000000000 is an unknown value
R8 =0x00007fff5296e180 is an unknown value
R9 =0x00007fff75c41300: _thread+0 in /usr/lib/system/libsystem_pthread.dylib at 0x00007fff8a0a4000
R10=0x0000000000000000 is an unknown value
R11=0x0000000000000246 is an unknown value
R12=0x00007ff5b1f04f40 is an unknown value
R13=0x00000000000f426a is an unknown value
R14=0x00007ff5b1d829e0 is an unknown value
R15=0x00007fff5296e420 is an unknown value


Stack: [0x00007fff52171000,0x00007fff52971000],  sp=0x00007fff5296e2d0,  free space=8180k
Native frames: (J=compiled Java code, j=interpreted, Vv=VM code, C=native code)
C  [libglass.dylib+0x155dd]  GlassScreenDidChangeScreenParameters+0x9d
C  [CoreFoundation+0x12045c]  __CFNOTIFICATIONCENTER_IS_CALLING_OUT_TO_AN_OBSERVER__+0xc
C  [CoreFoundation+0x10634]  _CFXNotificationPost+0xc44
C  [Foundation+0x79d1]  -[NSNotificationCenter postNotificationName:object:userInfo:]+0x42
C  [AppKit+0x40df7e]  -[NSApplication _reactToScreenInvalidationImmediately:]+0x17b
C  [AppKit+0x40ddc7]  __44-[NSApplication _reactToScreenInvalidation:]_block_invoke+0x4b
C  [CoreFoundation+0x808ec]  __CFRUNLOOP_IS_CALLING_OUT_TO_A_BLOCK__+0xc
C  [CoreFoundation+0x729f5]  __CFRunLoopDoBlocks+0x155
C  [CoreFoundation+0x72536]  __CFRunLoopRun+0x716
C  [CoreFoundation+0x71bd8]  CFRunLoopRunSpecific+0x128
C  [java+0x6490]  CreateExecutionEnvironment+0x367
C  [java+0x221c]  JLI_Launch+0x7a0
C  [java+0x84ed]  main+0x65
C  [java+0x1a74]  start+0x34


---------------  P R O C E S S  ---------------

VM state:at safepoint (normal execution)

VM Mutex/Monitor currently owned by a thread:  ([mutex/lock_event])
[0x00007ff5b1c14490] Threads_lock - owner thread: 0x00007ff5b3802800
[0x00007ff5b1c14990] Heap_lock - owner thread: 0x00007ff5b38c0800

Heap:
 PSYoungGen      total 18944K, used 14175K [0x0000000148f00000, 0x000000014a400000, 0x000000015e400000)
  eden space 16384K, 70% used [0x0000000148f00000,0x0000000149a5be38,0x0000000149f00000)
  from space 2560K, 99% used [0x0000000149f00000,0x000000014a17c030,0x000000014a180000)
  to   space 2560K, 0% used [0x000000014a180000,0x000000014a180000,0x000000014a400000)
 ParOldGen       total 44032K, used 64K [0x000000011e400000, 0x0000000120f00000, 0x0000000148f00000)
  object space 44032K, 0% used [0x000000011e400000,0x000000011e410000,0x0000000120f00000)
 Metaspace       used 12139K, capacity 12714K, committed 12800K, reserved 1060864K
  class space    used 1642K, capacity 1790K, committed 1792K, reserved 1048576K

Card table byte_map: [0x000000015e400000,0x000000015e601000] byte_map_base: 0x000000015db0e000

Marking Bits: (ParMarkBitMap*) 0x000000010e4c27a0
 Begin Bits: [0x000000015ea0d000, 0x000000015fa0d000)
 End Bits:   [0x000000015fa0d000, 0x0000000160a0d000)

Polling page: 0x000000010d3ed000

CodeCache: size=245760Kb used=3914Kb max_used=3914Kb free=241845Kb
 bounds [0x000000010ec6c000, 0x000000010f04c000, 0x000000011dc6c000]
 total_blobs=1762 nmethods=1153 adapters=522
 compilation: enabled

Compilation events (10 events):
Event: 51.027 Thread 0x00007ff5b2039000 1148       1       java.lang.invoke.InnerClassLambdaMetafactory::access$600 (5 bytes)
Event: 51.027 Thread 0x00007ff5b2039000 nmethod 1148 0x000000010f03c2d0 code [0x000000010f03c420, 0x000000010f03c510]
Event: 51.027 Thread 0x00007ff5b2039000 1149       1       java.lang.invoke.InnerClassLambdaMetafactory::access$700 (5 bytes)
Event: 51.027 Thread 0x00007ff5b2039000 nmethod 1149 0x000000010f03c010 code [0x000000010f03c160, 0x000000010f03c250]
Event: 51.029 Thread 0x00007ff5b2039000 1150       3       java.util.concurrent.locks.AbstractQueuedSynchronizer::release (33 bytes)
Event: 51.030 Thread 0x00007ff5b2039000 nmethod 1150 0x000000010f03ecd0 code [0x000000010f03ee60, 0x000000010f03f178]
Event: 51.031 Thread 0x00007ff5b2039000 1151       3       java.lang.invoke.MethodHandles::access$000 (4 bytes)
Event: 51.031 Thread 0x00007ff5b2039000 nmethod 1151 0x000000010f03bc90 code [0x000000010f03bde0, 0x000000010f03bf10]
Event: 51.035 Thread 0x00007ff5b2039000 1153       3       java.lang.Integer::getChars (131 bytes)
Event: 51.036 Thread 0x00007ff5b2039000 nmethod 1153 0x000000010f03f5d0 code [0x000000010f03f780, 0x000000010f03fc10]

GC Heap History (2 events):
Event: 0.743 GC heap before
{Heap before GC invocations=1 (full 0):
 PSYoungGen      total 18944K, used 16384K [0x0000000148f00000, 0x000000014a400000, 0x000000015e400000)
  eden space 16384K, 100% used [0x0000000148f00000,0x0000000149f00000,0x0000000149f00000)
  from space 2560K, 0% used [0x000000014a180000,0x000000014a180000,0x000000014a400000)
  to   space 2560K, 0% used [0x0000000149f00000,0x0000000149f00000,0x000000014a180000)
 ParOldGen       total 44032K, used 0K [0x000000011e400000, 0x0000000120f00000, 0x0000000148f00000)
  object space 44032K, 0% used [0x000000011e400000,0x000000011e400000,0x0000000120f00000)
 Metaspace       used 8731K, capacity 9136K, committed 9216K, reserved 1056768K
  class space    used 1136K, capacity 1235K, committed 1280K, reserved 1048576K
Event: 0.749 GC heap after
Heap after GC invocations=1 (full 0):
 PSYoungGen      total 18944K, used 2544K [0x0000000148f00000, 0x000000014a400000, 0x000000015e400000)
  eden space 16384K, 0% used [0x0000000148f00000,0x0000000148f00000,0x0000000149f00000)
  from space 2560K, 99% used [0x0000000149f00000,0x000000014a17c030,0x000000014a180000)
  to   space 2560K, 0% used [0x000000014a180000,0x000000014a180000,0x000000014a400000)
 ParOldGen       total 44032K, used 64K [0x000000011e400000, 0x0000000120f00000, 0x0000000148f00000)
  object space 44032K, 0% used [0x000000011e400000,0x000000011e410000,0x0000000120f00000)
 Metaspace       used 8731K, capacity 9136K, committed 9216K, reserved 1056768K
  class space    used 1136K, capacity 1235K, committed 1280K, reserved 1048576K
}

Deoptimization events (10 events):
Event: 1.020 Thread 0x00007ff5b382e000 Uncommon trap: reason=class_check action=maybe_recompile pc=0x000000010eea3384 method=java.io.DataInputStream.readShort()S @ 4
Event: 1.020 Thread 0x00007ff5b382e000 Uncommon trap: reason=class_check action=maybe_recompile pc=0x000000010eea3384 method=java.io.DataInputStream.readShort()S @ 4
Event: 1.029 Thread 0x00007ff5b382e000 Uncommon trap: reason=class_check action=maybe_recompile pc=0x000000010ed95c9c method=java.lang.String.equals(Ljava/lang/Object;)Z @ 8
Event: 1.029 Thread 0x00007ff5b382e000 Uncommon trap: reason=class_check action=maybe_recompile pc=0x000000010ed95c9c method=java.lang.String.equals(Ljava/lang/Object;)Z @ 8
Event: 1.029 Thread 0x00007ff5b382e000 Uncommon trap: reason=class_check action=maybe_recompile pc=0x000000010ed95c9c method=java.lang.String.equals(Ljava/lang/Object;)Z @ 8
Event: 1.033 Thread 0x00007ff5b382e000 Uncommon trap: reason=class_check action=maybe_recompile pc=0x000000010ed95c9c method=java.lang.String.equals(Ljava/lang/Object;)Z @ 8
Event: 1.033 Thread 0x00007ff5b382e000 Uncommon trap: reason=unstable_if action=reinterpret pc=0x000000010ef1bcb0 method=java.lang.String.replace(CC)Ljava/lang/String; @ 26
Event: 1.203 Thread 0x00007ff5b382e000 Uncommon trap: reason=unstable_if action=reinterpret pc=0x000000010ee8c7a0 method=java.lang.CharacterData.of(I)Ljava/lang/CharacterData; @ 4
Event: 1.227 Thread 0x00007ff5b382e000 Uncommon trap: reason=unloaded action=reinterpret pc=0x000000010ef60e18 method=java.lang.CharacterData.of(I)Ljava/lang/CharacterData; @ 96
Event: 1.403 Thread 0x00007ff5b28b0000 Uncommon trap: reason=unstable_if action=reinterpret pc=0x000000010ef25620 method=sun.net.www.ParseUtil.encodePath(Ljava/lang/String;Z)Ljava/lang/String; @ 109

Internal exceptions (10 events):
Event: 0.215 Thread 0x00007ff5b3001800 Exception <a 'java/lang/NoSuchFieldError': method resolution failed> (0x0000000149196708) thrown at [/Users/java_re/workspace/8-2-build-macosx-x86_64/jdk8u40/3098/hotspot/src/share/vm/prims/methodHandles.cpp, line 1125]
Event: 0.217 Thread 0x00007ff5b3001800 Exception <a 'java/lang/NoSuchFieldError': method resolution failed> (0x00000001491a4dd8) thrown at [/Users/java_re/workspace/8-2-build-macosx-x86_64/jdk8u40/3098/hotspot/src/share/vm/prims/methodHandles.cpp, line 1125]
Event: 0.242 Thread 0x00007ff5b3001800 Exception <a 'java/security/PrivilegedActionException'> (0x00000001492313b8) thrown at [/Users/java_re/workspace/8-2-build-macosx-x86_64/jdk8u40/3098/hotspot/src/share/vm/prims/jvm.cpp, line 1382]
Event: 0.242 Thread 0x00007ff5b3001800 Exception <a 'java/security/PrivilegedActionException'> (0x0000000149231570) thrown at [/Users/java_re/workspace/8-2-build-macosx-x86_64/jdk8u40/3098/hotspot/src/share/vm/prims/jvm.cpp, line 1382]
Event: 0.242 Thread 0x00007ff5b3001800 Exception <a 'java/security/PrivilegedActionException'> (0x0000000149234760) thrown at [/Users/java_re/workspace/8-2-build-macosx-x86_64/jdk8u40/3098/hotspot/src/share/vm/prims/jvm.cpp, line 1382]
Event: 0.242 Thread 0x00007ff5b3001800 Exception <a 'java/security/PrivilegedActionException'> (0x0000000149234918) thrown at [/Users/java_re/workspace/8-2-build-macosx-x86_64/jdk8u40/3098/hotspot/src/share/vm/prims/jvm.cpp, line 1382]
Event: 0.242 Thread 0x00007ff5b3001800 Exception <a 'java/lang/NullPointerException'> (0x0000000149236238) thrown at [/Users/java_re/workspace/8-2-build-macosx-x86_64/jdk8u40/3098/hotspot/src/share/vm/interpreter/linkResolver.cpp, line 1178]
Event: 0.593 Thread 0x00007ff5b382e000 Exception <a 'java/lang/NullPointerException'> (0x0000000149aa07f8) thrown at [/Users/java_re/workspace/8-2-build-macosx-x86_64/jdk8u40/3098/hotspot/src/share/vm/interpreter/linkResolver.cpp, line 1178]
Event: 0.593 Thread 0x00007ff5b382e000 Exception <a 'java/lang/NullPointerException'> (0x0000000149aa07f8) thrown at [/Users/java_re/workspace/8-2-build-macosx-x86_64/jdk8u40/3098/hotspot/src/share/vm/prims/jvm.cpp, line 1386]
Event: 0.751 Thread 0x00007ff5b382e000 Implicit null exception at 0x000000010eec6e35 to 0x000000010eec7031

Events (10 events):
Event: 51.035 Thread 0x00007ff5b3001800 Thread exited: 0x00007ff5b3001800
Event: 51.035 Thread 0x00007ff5b38c0800 Thread added: 0x00007ff5b38c0800
Event: 51.035 Thread 0x00007ff5b382e000 Thread exited: 0x00007ff5b382e000
Event: 51.036 loading class java/util/IdentityHashMap$KeySet
Event: 51.036 loading class java/util/IdentityHashMap$KeySet done
Event: 51.036 loading class java/util/IdentityHashMap$KeyIterator
Event: 51.036 loading class java/util/IdentityHashMap$IdentityHashMapIterator
Event: 51.036 loading class java/util/IdentityHashMap$IdentityHashMapIterator done
Event: 51.036 loading class java/util/IdentityHashMap$KeyIterator done
Event: 51.036 Thread 0x00007ff5b38c0800 Thread exited: 0x00007ff5b38c0800


Dynamic libraries:
0x0000000004f4e000 	/System/Library/Frameworks/Cocoa.framework/Versions/A/Cocoa
0x0000000004f4e000 	/System/Library/Frameworks/Security.framework/Versions/A/Security
0x0000000004f4e000 	/System/Library/Frameworks/ApplicationServices.framework/Versions/A/ApplicationServices
0x0000000004f4e000 	/usr/lib/libz.1.dylib
0x0000000004f4e000 	/usr/lib/libSystem.B.dylib
0x0000000004f4e000 	/usr/lib/libobjc.A.dylib
0x0000000004f4e000 	/System/Library/Frameworks/CoreFoundation.framework/Versions/A/CoreFoundation
0x0000000004f4e000 	/System/Library/Frameworks/Foundation.framework/Versions/C/Foundation
0x0000000004f4e000 	/System/Library/Frameworks/AppKit.framework/Versions/C/AppKit
0x0000000004f4e000 	/System/Library/Frameworks/CoreData.framework/Versions/A/CoreData
0x0000000004f4e000 	/System/Library/PrivateFrameworks/RemoteViewServices.framework/Versions/A/RemoteViewServices
0x0000000004f4e000 	/System/Library/PrivateFrameworks/UIFoundation.framework/Versions/A/UIFoundation
0x0000000004f4e000 	/System/Library/Frameworks/IOSurface.framework/Versions/A/IOSurface
0x0000000004f4e000 	/System/Library/Frameworks/AudioToolbox.framework/Versions/A/AudioToolbox
0x0000000004f4e000 	/System/Library/Frameworks/AudioUnit.framework/Versions/A/AudioUnit
0x0000000004f4e000 	/System/Library/PrivateFrameworks/DataDetectorsCore.framework/Versions/A/DataDetectorsCore
0x0000000004f4e000 	/System/Library/PrivateFrameworks/DesktopServicesPriv.framework/Versions/A/DesktopServicesPriv
0x0000000004f4e000 	/System/Library/Frameworks/Carbon.framework/Versions/A/Frameworks/HIToolbox.framework/Versions/A/HIToolbox
0x0000000004f4e000 	/System/Library/Frameworks/QuartzCore.framework/Versions/A/QuartzCore
0x0000000004f4e000 	/System/Library/Frameworks/Carbon.framework/Versions/A/Frameworks/SpeechRecognition.framework/Versions/A/SpeechRecognition
0x0000000004f4e000 	/usr/lib/libauto.dylib
0x0000000004f4e000 	/usr/lib/libicucore.A.dylib
0x0000000004f4e000 	/usr/lib/libxml2.2.dylib
0x0000000004f4e000 	/System/Library/PrivateFrameworks/CoreUI.framework/Versions/A/CoreUI
0x0000000004f4e000 	/System/Library/Frameworks/CoreAudio.framework/Versions/A/CoreAudio
0x0000000004f4e000 	/System/Library/Frameworks/DiskArbitration.framework/Versions/A/DiskArbitration
0x0000000004f4e000 	/usr/lib/liblangid.dylib
0x0000000004f4e000 	/System/Library/PrivateFrameworks/MultitouchSupport.framework/Versions/A/MultitouchSupport
0x0000000004f4e000 	/System/Library/Frameworks/IOKit.framework/Versions/A/IOKit
0x0000000004f4e000 	/usr/lib/libDiagnosticMessagesClient.dylib
0x0000000004f4e000 	/System/Library/Frameworks/CoreServices.framework/Versions/A/CoreServices
0x0000000004f4e000 	/System/Library/PrivateFrameworks/PerformanceAnalysis.framework/Versions/A/PerformanceAnalysis
0x0000000004f4e000 	/System/Library/PrivateFrameworks/GenerationalStorage.framework/Versions/A/GenerationalStorage
0x0000000004f4e000 	/System/Library/Frameworks/OpenGL.framework/Versions/A/OpenGL
0x0000000004f4e000 	/System/Library/PrivateFrameworks/Sharing.framework/Versions/A/Sharing
0x0000000004f4e000 	/System/Library/Frameworks/CoreGraphics.framework/Versions/A/CoreGraphics
0x0000000004f4e000 	/System/Library/Frameworks/CoreText.framework/Versions/A/CoreText
0x0000000004f4e000 	/System/Library/Frameworks/ImageIO.framework/Versions/A/ImageIO
0x0000000004f4e000 	/usr/lib/libextension.dylib
0x0000000004f4e000 	/System/Library/PrivateFrameworks/Backup.framework/Versions/A/Backup
0x0000000004f4e000 	/usr/lib/libarchive.2.dylib
0x0000000004f4e000 	/System/Library/Frameworks/CFNetwork.framework/Versions/A/CFNetwork
0x0000000004f4e000 	/System/Library/Frameworks/SystemConfiguration.framework/Versions/A/SystemConfiguration
0x0000000004f4e000 	/usr/lib/libCRFSuite.dylib
0x0000000004f4e000 	/usr/lib/libc++.1.dylib
0x0000000004f4e000 	/usr/lib/libc++abi.dylib
0x0000000004f4e000 	/usr/lib/system/libcache.dylib
0x0000000004f4e000 	/usr/lib/system/libcommonCrypto.dylib
0x0000000004f4e000 	/usr/lib/system/libcompiler_rt.dylib
0x0000000004f4e000 	/usr/lib/system/libcopyfile.dylib
0x0000000004f4e000 	/usr/lib/system/libcorecrypto.dylib
0x0000000004f4e000 	/usr/lib/system/libdispatch.dylib
0x0000000004f4e000 	/usr/lib/system/libdyld.dylib
0x0000000004f4e000 	/usr/lib/system/libkeymgr.dylib
0x0000000004f4e000 	/usr/lib/system/liblaunch.dylib
0x0000000004f4e000 	/usr/lib/system/libmacho.dylib
0x0000000004f4e000 	/usr/lib/system/libquarantine.dylib
0x0000000004f4e000 	/usr/lib/system/libremovefile.dylib
0x0000000004f4e000 	/usr/lib/system/libsystem_asl.dylib
0x0000000004f4e000 	/usr/lib/system/libsystem_blocks.dylib
0x0000000004f4e000 	/usr/lib/system/libsystem_c.dylib
0x0000000004f4e000 	/usr/lib/system/libsystem_configuration.dylib
0x0000000004f4e000 	/usr/lib/system/libsystem_coreservices.dylib
0x0000000004f4e000 	/usr/lib/system/libsystem_coretls.dylib
0x0000000004f4e000 	/usr/lib/system/libsystem_dnssd.dylib
0x0000000004f4e000 	/usr/lib/system/libsystem_info.dylib
0x0000000004f4e000 	/usr/lib/system/libsystem_kernel.dylib
0x0000000004f4e000 	/usr/lib/system/libsystem_m.dylib
0x0000000004f4e000 	/usr/lib/system/libsystem_malloc.dylib
0x0000000004f4e000 	/usr/lib/system/libsystem_network.dylib
0x0000000004f4e000 	/usr/lib/system/libsystem_networkextension.dylib
0x0000000004f4e000 	/usr/lib/system/libsystem_notify.dylib
0x0000000004f4e000 	/usr/lib/system/libsystem_platform.dylib
0x0000000004f4e000 	/usr/lib/system/libsystem_pthread.dylib
0x0000000004f4e000 	/usr/lib/system/libsystem_sandbox.dylib
0x0000000004f4e000 	/usr/lib/system/libsystem_secinit.dylib
0x0000000004f4e000 	/usr/lib/system/libsystem_stats.dylib
0x0000000004f4e000 	/usr/lib/system/libsystem_trace.dylib
0x0000000004f4e000 	/usr/lib/system/libunc.dylib
0x0000000004f4e000 	/usr/lib/system/libunwind.dylib
0x0000000004f4e000 	/usr/lib/system/libxpc.dylib
0x0000000004f4e000 	/usr/lib/libbz2.1.0.dylib
0x0000000004f4e000 	/usr/lib/liblzma.5.dylib
0x0000000004f4e000 	/usr/lib/libbsm.0.dylib
0x0000000004f4e000 	/usr/lib/libsqlite3.dylib
0x0000000004f4e000 	/usr/lib/system/libkxld.dylib
0x0000000004f4e000 	/usr/lib/libxar.1.dylib
0x0000000004f4e000 	/usr/lib/libpam.2.dylib
0x0000000004f4e000 	/usr/lib/libOpenScriptingUtil.dylib
0x0000000004f4e000 	/System/Library/Frameworks/CoreServices.framework/Versions/A/Frameworks/FSEvents.framework/Versions/A/FSEvents
0x0000000004f4e000 	/System/Library/Frameworks/CoreServices.framework/Versions/A/Frameworks/CarbonCore.framework/Versions/A/CarbonCore
0x0000000004f4e000 	/System/Library/Frameworks/CoreServices.framework/Versions/A/Frameworks/Metadata.framework/Versions/A/Metadata
0x0000000004f4e000 	/System/Library/Frameworks/CoreServices.framework/Versions/A/Frameworks/OSServices.framework/Versions/A/OSServices
0x0000000004f4e000 	/System/Library/Frameworks/CoreServices.framework/Versions/A/Frameworks/SearchKit.framework/Versions/A/SearchKit
0x0000000004f4e000 	/System/Library/Frameworks/CoreServices.framework/Versions/A/Frameworks/AE.framework/Versions/A/AE
0x0000000004f4e000 	/System/Library/Frameworks/CoreServices.framework/Versions/A/Frameworks/LaunchServices.framework/Versions/A/LaunchServices
0x0000000004f4e000 	/System/Library/Frameworks/CoreServices.framework/Versions/A/Frameworks/DictionaryServices.framework/Versions/A/DictionaryServices
0x0000000004f4e000 	/System/Library/Frameworks/NetFS.framework/Versions/A/NetFS
0x0000000004f4e000 	/System/Library/PrivateFrameworks/NetAuth.framework/Versions/A/NetAuth
0x0000000004f4e000 	/System/Library/PrivateFrameworks/login.framework/Versions/A/Frameworks/loginsupport.framework/Versions/A/loginsupport
0x0000000004f4e000 	/System/Library/PrivateFrameworks/TCC.framework/Versions/A/TCC
0x0000000004f4e000 	/usr/lib/libmecabra.dylib
0x0000000004f4e000 	/System/Library/Frameworks/ApplicationServices.framework/Versions/A/Frameworks/ATS.framework/Versions/A/ATS
0x0000000004f4e000 	/System/Library/Frameworks/ApplicationServices.framework/Versions/A/Frameworks/ColorSync.framework/Versions/A/ColorSync
0x0000000004f4e000 	/System/Library/Frameworks/ApplicationServices.framework/Versions/A/Frameworks/HIServices.framework/Versions/A/HIServices
0x0000000004f4e000 	/System/Library/Frameworks/ApplicationServices.framework/Versions/A/Frameworks/LangAnalysis.framework/Versions/A/LangAnalysis
0x0000000004f4e000 	/System/Library/Frameworks/ApplicationServices.framework/Versions/A/Frameworks/PrintCore.framework/Versions/A/PrintCore
0x0000000004f4e000 	/System/Library/Frameworks/ApplicationServices.framework/Versions/A/Frameworks/QD.framework/Versions/A/QD
0x0000000004f4e000 	/System/Library/Frameworks/ApplicationServices.framework/Versions/A/Frameworks/SpeechSynthesis.framework/Versions/A/SpeechSynthesis
0x0000000004f4e000 	/System/Library/Frameworks/Accelerate.framework/Versions/A/Accelerate
0x0000000004f4e000 	/System/Library/Frameworks/Accelerate.framework/Versions/A/Frameworks/vImage.framework/Versions/A/vImage
0x0000000004f4e000 	/System/Library/Frameworks/Accelerate.framework/Versions/A/Frameworks/vecLib.framework/Versions/A/vecLib
0x0000000004f4e000 	/System/Library/Frameworks/Accelerate.framework/Versions/A/Frameworks/vecLib.framework/Versions/A/libvDSP.dylib
0x0000000004f4e000 	/System/Library/Frameworks/Accelerate.framework/Versions/A/Frameworks/vecLib.framework/Versions/A/libvMisc.dylib
0x0000000004f4e000 	/System/Library/Frameworks/Accelerate.framework/Versions/A/Frameworks/vecLib.framework/Versions/A/libLAPACK.dylib
0x0000000004f4e000 	/System/Library/Frameworks/Accelerate.framework/Versions/A/Frameworks/vecLib.framework/Versions/A/libBLAS.dylib
0x0000000004f4e000 	/System/Library/Frameworks/Accelerate.framework/Versions/A/Frameworks/vecLib.framework/Versions/A/libLinearAlgebra.dylib
0x0000000004f4e000 	/System/Library/Frameworks/ApplicationServices.framework/Versions/A/Frameworks/ATS.framework/Versions/A/Resources/libFontParser.dylib
0x0000000004f4e000 	/System/Library/Frameworks/ApplicationServices.framework/Versions/A/Frameworks/ATS.framework/Versions/A/Resources/libFontRegistry.dylib
0x0000000004f4e000 	/System/Library/PrivateFrameworks/AppleVPA.framework/Versions/A/AppleVPA
0x0000000004f4e000 	/System/Library/PrivateFrameworks/AppleJPEG.framework/Versions/A/AppleJPEG
0x0000000004f4e000 	/System/Library/Frameworks/ImageIO.framework/Versions/A/Resources/libJPEG.dylib
0x0000000004f4e000 	/System/Library/Frameworks/ImageIO.framework/Versions/A/Resources/libTIFF.dylib
0x0000000004f4e000 	/System/Library/Frameworks/ImageIO.framework/Versions/A/Resources/libPng.dylib
0x0000000004f4e000 	/System/Library/Frameworks/ImageIO.framework/Versions/A/Resources/libGIF.dylib
0x0000000004f4e000 	/System/Library/Frameworks/ImageIO.framework/Versions/A/Resources/libJP2.dylib
0x0000000004f4e000 	/System/Library/Frameworks/ImageIO.framework/Versions/A/Resources/libRadiance.dylib
0x0000000004f4e000 	/System/Library/Frameworks/CoreVideo.framework/Versions/A/CoreVideo
0x0000000004f4e000 	/System/Library/Frameworks/OpenGL.framework/Versions/A/Libraries/libGLU.dylib
0x0000000004f4e000 	/System/Library/Frameworks/OpenGL.framework/Versions/A/Libraries/libGFXShared.dylib
0x0000000004f4e000 	/System/Library/Frameworks/OpenGL.framework/Versions/A/Libraries/libGL.dylib
0x0000000004f4e000 	/System/Library/Frameworks/OpenGL.framework/Versions/A/Libraries/libGLImage.dylib
0x0000000004f4e000 	/System/Library/Frameworks/OpenGL.framework/Versions/A/Libraries/libCVMSPluginSupport.dylib
0x0000000004f4e000 	/System/Library/Frameworks/OpenGL.framework/Versions/A/Libraries/libCoreVMClient.dylib
0x0000000004f4e000 	/usr/lib/libcups.2.dylib
0x0000000004f4e000 	/System/Library/Frameworks/Kerberos.framework/Versions/A/Kerberos
0x0000000004f4e000 	/System/Library/Frameworks/GSS.framework/Versions/A/GSS
0x0000000004f4e000 	/usr/lib/libresolv.9.dylib
0x0000000004f4e000 	/usr/lib/libiconv.2.dylib
0x0000000004f4e000 	/System/Library/PrivateFrameworks/Heimdal.framework/Versions/A/Heimdal
0x0000000004f4e000 	/usr/lib/libheimdal-asn1.dylib
0x0000000004f4e000 	/System/Library/Frameworks/OpenDirectory.framework/Versions/A/OpenDirectory
0x0000000004f4e000 	/System/Library/PrivateFrameworks/CommonAuth.framework/Versions/A/CommonAuth
0x0000000004f4e000 	/System/Library/Frameworks/OpenDirectory.framework/Versions/A/Frameworks/CFOpenDirectory.framework/Versions/A/CFOpenDirectory
0x0000000004f4e000 	/System/Library/Frameworks/SecurityFoundation.framework/Versions/A/SecurityFoundation
0x0000000004f4e000 	/System/Library/PrivateFrameworks/LanguageModeling.framework/Versions/A/LanguageModeling
0x0000000004f4e000 	/usr/lib/libcmph.dylib
0x0000000004f4e000 	/System/Library/Frameworks/ServiceManagement.framework/Versions/A/ServiceManagement
0x0000000004f4e000 	/usr/lib/libxslt.1.dylib
0x0000000004f4e000 	/System/Library/Frameworks/Carbon.framework/Versions/A/Frameworks/Ink.framework/Versions/A/Ink
0x0000000004f4e000 	/System/Library/Frameworks/QuartzCore.framework/Versions/A/Frameworks/CoreImage.framework/Versions/A/CoreImage
0x0000000004f4e000 	/System/Library/PrivateFrameworks/CrashReporterSupport.framework/Versions/A/CrashReporterSupport
0x0000000004f4e000 	/System/Library/Frameworks/OpenCL.framework/Versions/A/OpenCL
0x0000000004f4e000 	/System/Library/PrivateFrameworks/FaceCore.framework/Versions/A/FaceCore
0x0000000004f4e000 	/System/Library/PrivateFrameworks/Ubiquity.framework/Versions/A/Ubiquity
0x0000000004f4e000 	/System/Library/PrivateFrameworks/IconServices.framework/Versions/A/IconServices
0x0000000004f4e000 	/System/Library/PrivateFrameworks/ChunkingLibrary.framework/Versions/A/ChunkingLibrary
0x0000000004f4e000 	/System/Library/PrivateFrameworks/Apple80211.framework/Versions/A/Apple80211
0x0000000004f4e000 	/System/Library/Frameworks/CoreWLAN.framework/Versions/A/CoreWLAN
0x0000000004f4e000 	/System/Library/Frameworks/IOBluetooth.framework/Versions/A/IOBluetooth
0x0000000004f4e000 	/System/Library/PrivateFrameworks/CoreWiFi.framework/Versions/A/CoreWiFi
0x0000000004f4e000 	/System/Library/Frameworks/CoreBluetooth.framework/Versions/A/CoreBluetooth
0x0000000004f4e000 	/System/Library/PrivateFrameworks/DebugSymbols.framework/Versions/A/DebugSymbols
0x0000000004f4e000 	/System/Library/PrivateFrameworks/CoreSymbolication.framework/Versions/A/CoreSymbolication
0x0000000004f4e000 	/System/Library/PrivateFrameworks/Symbolication.framework/Versions/A/Symbolication
0x0000000004f4e000 	/System/Library/PrivateFrameworks/SpeechRecognitionCore.framework/Versions/A/SpeechRecognitionCore
0x0000000052fdb000 	/System/Library/CoreServices/Encodings/libCyrillicConverter.dylib
0x000000010dc00000 	/Library/Java/JavaVirtualMachines/jdk1.8.0_40.jdk/Contents/Home/jre/lib/server/libjvm.dylib
0x0000000004f4e000 	/usr/lib/libstdc++.6.dylib
0x000000010d3aa000 	/Library/Java/JavaVirtualMachines/jdk1.8.0_40.jdk/Contents/Home/jre/lib/libverify.dylib
0x000000010d3b8000 	/Library/Java/JavaVirtualMachines/jdk1.8.0_40.jdk/Contents/Home/jre/lib/libjava.dylib
0x000000010d3f7000 	/Library/Java/JavaVirtualMachines/jdk1.8.0_40.jdk/Contents/Home/jre/lib/libzip.dylib
0x00000001a297c000 	/System/Library/Frameworks/JavaVM.framework/Frameworks/JavaRuntimeSupport.framework/JavaRuntimeSupport
0x00000001a2994000 	/System/Library/Frameworks/JavaVM.framework/Versions/A/Frameworks/JavaNativeFoundation.framework/Versions/A/JavaNativeFoundation
0x00000001a29a9000 	/System/Library/Frameworks/JavaVM.framework/Versions/A/JavaVM
0x0000000004f4e000 	/System/Library/Frameworks/Carbon.framework/Versions/A/Carbon
0x00000001a29b6000 	/System/Library/PrivateFrameworks/JavaLaunching.framework/Versions/A/JavaLaunching
0x0000000004f4e000 	/System/Library/Frameworks/Carbon.framework/Versions/A/Frameworks/CommonPanels.framework/Versions/A/CommonPanels
0x0000000004f4e000 	/System/Library/Frameworks/Carbon.framework/Versions/A/Frameworks/Help.framework/Versions/A/Help
0x0000000004f4e000 	/System/Library/Frameworks/Carbon.framework/Versions/A/Frameworks/ImageCapture.framework/Versions/A/ImageCapture
0x0000000004f4e000 	/System/Library/Frameworks/Carbon.framework/Versions/A/Frameworks/OpenScripting.framework/Versions/A/OpenScripting
0x0000000004f4e000 	/System/Library/Frameworks/Carbon.framework/Versions/A/Frameworks/Print.framework/Versions/A/Print
0x0000000004f4e000 	/System/Library/Frameworks/Carbon.framework/Versions/A/Frameworks/SecurityHI.framework/Versions/A/SecurityHI
0x00000001a4a01000 	/Library/Java/JavaVirtualMachines/jdk1.8.0_40.jdk/Contents/Home/jre/lib/libprism_es2.dylib
0x00000001a4a83000 	/System/Library/Frameworks/OpenGL.framework/Resources/GLEngine.bundle/GLEngine
0x0000000004f4e000 	/System/Library/Frameworks/OpenGL.framework/Versions/A/Libraries/libGLProgrammability.dylib
0x0000000000000000 	/System/Library/Extensions/AppleIntelHD4000GraphicsGLDriver.bundle/Contents/MacOS/AppleIntelHD4000GraphicsGLDriver
0x0000000004f4e000 	/System/Library/PrivateFrameworks/IOAccelerator.framework/Versions/A/IOAccelerator
0x0000000004f4e000 	/System/Library/PrivateFrameworks/GPUSupport.framework/Versions/A/Libraries/libGPUSupportMercury.dylib
0x00000001a4c72000 	/System/Library/Frameworks/OpenGL.framework/Resources//GLRendererFloat.bundle/GLRendererFloat
0x0000000004f4e000 	/System/Library/Frameworks/OpenCL.framework/Versions/A/Libraries/libcldcpuengine.dylib
0x0000000004f4e000 	/System/Library/PrivateFrameworks/DiskImages.framework/Versions/A/DiskImages
0x0000000004f4e000 	/System/Library/Frameworks/DiscRecording.framework/Versions/A/DiscRecording
0x0000000004f4e000 	/usr/lib/libcsfde.dylib
0x0000000004f4e000 	/usr/lib/libcurl.4.dylib
0x0000000004f4e000 	/System/Library/PrivateFrameworks/MediaKit.framework/Versions/A/MediaKit
0x0000000004f4e000 	/System/Library/PrivateFrameworks/ProtectedCloudStorage.framework/Versions/A/ProtectedCloudStorage
0x0000000004f4e000 	/usr/lib/libCoreStorage.dylib
0x0000000004f4e000 	/System/Library/PrivateFrameworks/EFILogin.framework/Versions/A/EFILogin
0x0000000004f4e000 	/usr/lib/libutil.dylib
0x0000000004f4e000 	/System/Library/PrivateFrameworks/FindMyDevice.framework/Versions/A/FindMyDevice
0x0000000004f4e000 	/System/Library/Frameworks/LDAP.framework/Versions/A/LDAP
0x0000000004f4e000 	/usr/lib/libsasl2.2.dylib
0x0000000004f4e000 	/System/Library/PrivateFrameworks/CoreDaemon.framework/Versions/B/CoreDaemon
0x0000000004f4e000 	/usr/lib/libcrypto.0.9.8.dylib
0x0000000004f4e000 	/System/Library/PrivateFrameworks/AppleSRP.framework/Versions/A/AppleSRP
0x0000000004f4e000 	/System/Library/PrivateFrameworks/TrustEvaluationAgent.framework/Versions/A/TrustEvaluationAgent
0x00000001a5153000 	/Library/Java/JavaVirtualMachines/jdk1.8.0_40.jdk/Contents/Home/jre/lib/libglass.dylib
0x0000000004f4e000 	/System/Library/PrivateFrameworks/CoreServicesInternal.framework/Versions/A/CoreServicesInternal
0x0000000004f4e000 	/System/Library/PrivateFrameworks/CloudDocs.framework/Versions/A/CloudDocs
0x0000000004f4e000 	/System/Library/PrivateFrameworks/CoreDuet.framework/Versions/A/CoreDuet
0x0000000004f4e000 	/System/Library/Frameworks/CloudKit.framework/Versions/A/CloudKit
0x0000000004f4e000 	/System/Library/PrivateFrameworks/ProtocolBuffer.framework/Versions/A/ProtocolBuffer
0x0000000004f4e000 	/System/Library/PrivateFrameworks/CoreDuetDaemonProtocol.framework/Versions/A/CoreDuetDaemonProtocol
0x0000000004f4e000 	/System/Library/PrivateFrameworks/CoreDuetDebugLogging.framework/Versions/A/CoreDuetDebugLogging
0x0000000004f4e000 	/System/Library/PrivateFrameworks/MMCS.framework/Versions/A/MMCS
0x0000000004f4e000 	/System/Library/Frameworks/CoreLocation.framework/Versions/A/CoreLocation
0x0000000004f4e000 	/System/Library/PrivateFrameworks/GeoServices.framework/Versions/A/GeoServices
0x00000001a673b000 	/System/Library/Frameworks/CoreGraphics.framework/Versions/A/Resources/libCGCMS.A.dylib
0x0000000004f4e000 	/System/Library/CoreServices/RawCamera.bundle/Contents/MacOS/RawCamera
0x00000001a686e000 	/System/Library/Frameworks/CoreGraphics.framework/Versions/A/Resources/libRIP.A.dylib
0x0000000004f4e000 	/System/Library/PrivateFrameworks/FamilyControls.framework/Versions/A/FamilyControls
0x0000000004f4e000 	/System/Library/PrivateFrameworks/CommerceKit.framework/Versions/A/Frameworks/CommerceCore.framework/Versions/A/CommerceCore
0x0000000004f4e000 	/System/Library/PrivateFrameworks/SystemAdministration.framework/Versions/A/SystemAdministration
0x0000000004f4e000 	/System/Library/PrivateFrameworks/AppContainer.framework/Versions/A/AppContainer
0x0000000004f4e000 	/System/Library/PrivateFrameworks/SecCodeWrapper.framework/Versions/A/SecCodeWrapper
0x0000000004f4e000 	/System/Library/Frameworks/DirectoryService.framework/Versions/A/DirectoryService
0x0000000004f4e000 	/System/Library/PrivateFrameworks/LoginUIKit.framework/Versions/A/Frameworks/LoginUICore.framework/Versions/A/LoginUICore
0x0000000004f4e000 	/usr/lib/libodfde.dylib
0x00000001a8859000 	/Library/Java/JavaVirtualMachines/jdk1.8.0_40.jdk/Contents/Home/jre/lib/libjavafx_font.dylib
0x00000001a8fab000 	/System/Library/Frameworks/CoreGraphics.framework/Versions/A/Resources/libCGXType.A.dylib
0x00000001aa6c8000 	/Library/Java/JavaVirtualMachines/jdk1.8.0_40.jdk/Contents/Home/jre/lib/libprism_common.dylib
0x00000001ab64d000 	cl_kernels
0x00000001ab64f000 	/System/Library/Frameworks/OpenCL.framework/Versions/A/Libraries/ImageFormats/unorm8_bgra.dylib
0x00000001ab640000 	cl_kernels

VM Arguments:
jvm_args: -Dfile.encoding=UTF-8 
java_command: week7.lesson14.Calculator
java_class_path (initial): /Users/ruslanlisogub/git/Base23/bin
Launcher Type: SUN_STANDARD

Environment Variables:
PATH=/usr/bin:/bin:/usr/sbin:/sbin
SHELL=/bin/bash

Signal Handlers:
SIGSEGV: [libjvm.dylib+0x58ef95], sa_mask[0]=11111111011111110111111111111111, sa_flags=SA_ONSTACK|SA_RESTART|SA_SIGINFO
SIGBUS: [libjvm.dylib+0x58ef95], sa_mask[0]=11111111011111110111111111111111, sa_flags=SA_RESTART|SA_SIGINFO
SIGFPE: [libjvm.dylib+0x46c118], sa_mask[0]=11111111011111110111111111111111, sa_flags=SA_RESTART|SA_SIGINFO
SIGPIPE: [libjvm.dylib+0x46c118], sa_mask[0]=11111111011111110111111111111111, sa_flags=SA_RESTART|SA_SIGINFO
SIGXFSZ: [libjvm.dylib+0x46c118], sa_mask[0]=11111111011111110111111111111111, sa_flags=SA_RESTART|SA_SIGINFO
SIGILL: [libjvm.dylib+0x46c118], sa_mask[0]=11111111011111110111111111111111, sa_flags=SA_RESTART|SA_SIGINFO
SIGUSR1: SIG_DFL, sa_mask[0]=00000000000000000000000000000000, sa_flags=none
SIGUSR2: [libjvm.dylib+0x46bc36], sa_mask[0]=00100000000000000000000000000000, sa_flags=SA_RESTART|SA_SIGINFO
SIGHUP: [libjvm.dylib+0x46a209], sa_mask[0]=11111111011111110111111111111111, sa_flags=SA_RESTART|SA_SIGINFO
SIGINT: [libjvm.dylib+0x46a209], sa_mask[0]=11111111011111110111111111111111, sa_flags=SA_RESTART|SA_SIGINFO
SIGTERM: [libjvm.dylib+0x46a209], sa_mask[0]=11111111011111110111111111111111, sa_flags=SA_RESTART|SA_SIGINFO
SIGQUIT: [libjvm.dylib+0x46a209], sa_mask[0]=11111111011111110111111111111111, sa_flags=SA_RESTART|SA_SIGINFO


---------------  S Y S T E M  ---------------

OS:Bsduname:Darwin 14.3.0 Darwin Kernel Version 14.3.0: Mon Mar 23 11:59:05 PDT 2015; root:xnu-2782.20.48~5/RELEASE_X86_64 x86_64
rlimit: STACK 8192k, CORE 0k, NPROC 709, NOFILE 10240, AS infinity
load average:1.78 1.83 1.59

CPU:total 4 (2 cores per cpu, 2 threads per core) family 6 model 58 stepping 9, cmov, cx8, fxsr, mmx, sse, sse2, sse3, ssse3, sse4.1, sse4.2, popcnt, avx, aes, clmul, erms, ht, tsc, tscinvbit, tscinv

Memory: 4k page, physical 4194304k(89368k free)

/proc/meminfo:


vm_info: Java HotSpot(TM) 64-Bit Server VM (25.40-b25) for bsd-amd64 JRE (1.8.0_40-b26), built on Mar  7 2015 13:53:55 by "java_re" with gcc 4.2.1 (Based on Apple Inc. build 5658) (LLVM build 2336.11.00)

time: Sun Jun 14 13:49:00 2015
elapsed time: 51 seconds (0d 0h 0m 51s)

